ERROR 2014-09-28 04:24:15,778 base 22577 140374736615168 Internal Server Error: /
Traceback (most recent call last):
  File "/home/emencia/projects/buildout_cms3/eggs/Django-1.6.7-py2.7.egg/django/core/handlers/base.py", line 137, in get_response
    response = response.render()
  File "/home/emencia/projects/buildout_cms3/eggs/Django-1.6.7-py2.7.egg/django/template/response.py", line 105, in render
    self.content = self.rendered_content
  File "/home/emencia/projects/buildout_cms3/eggs/Django-1.6.7-py2.7.egg/django/template/response.py", line 82, in rendered_content
    content = template.render(context)
  File "/home/emencia/projects/buildout_cms3/eggs/Django-1.6.7-py2.7.egg/django/template/base.py", line 140, in render
    return self._render(context)
  File "/home/emencia/projects/buildout_cms3/eggs/Django-1.6.7-py2.7.egg/django/template/base.py", line 134, in _render
    return self.nodelist.render(context)
  File "/home/emencia/projects/buildout_cms3/eggs/Django-1.6.7-py2.7.egg/django/template/base.py", line 840, in render
    bit = self.render_node(node, context)
  File "/home/emencia/projects/buildout_cms3/eggs/Django-1.6.7-py2.7.egg/django/template/debug.py", line 78, in render_node
    return node.render(context)
  File "/home/emencia/projects/buildout_cms3/eggs/Django-1.6.7-py2.7.egg/django/template/loader_tags.py", line 123, in render
    return compiled_parent._render(context)
  File "/home/emencia/projects/buildout_cms3/eggs/Django-1.6.7-py2.7.egg/django/template/base.py", line 134, in _render
    return self.nodelist.render(context)
  File "/home/emencia/projects/buildout_cms3/eggs/Django-1.6.7-py2.7.egg/django/template/base.py", line 840, in render
    bit = self.render_node(node, context)
  File "/home/emencia/projects/buildout_cms3/eggs/Django-1.6.7-py2.7.egg/django/template/debug.py", line 78, in render_node
    return node.render(context)
  File "/home/emencia/projects/buildout_cms3/eggs/Django-1.6.7-py2.7.egg/django/template/loader_tags.py", line 101, in render
    compiled_parent = self.get_parent(context)
  File "/home/emencia/projects/buildout_cms3/eggs/Django-1.6.7-py2.7.egg/django/template/loader_tags.py", line 98, in get_parent
    return get_template(parent)
  File "/home/emencia/projects/buildout_cms3/eggs/Django-1.6.7-py2.7.egg/django/template/loader.py", line 138, in get_template
    template, origin = find_template(template_name)
  File "/home/emencia/projects/buildout_cms3/eggs/Django-1.6.7-py2.7.egg/django/template/loader.py", line 127, in find_template
    source, display_name = loader(name, dirs)
  File "/home/emencia/projects/buildout_cms3/eggs/Django-1.6.7-py2.7.egg/django/template/loader.py", line 43, in __call__
    return self.load_template(template_name, template_dirs)
  File "/home/emencia/projects/buildout_cms3/eggs/Django-1.6.7-py2.7.egg/django/template/loader.py", line 49, in load_template
    template = get_template_from_string(source, origin, template_name)
  File "/home/emencia/projects/buildout_cms3/eggs/Django-1.6.7-py2.7.egg/django/template/loader.py", line 149, in get_template_from_string
    return Template(source, origin, name)
  File "/home/emencia/projects/buildout_cms3/eggs/Django-1.6.7-py2.7.egg/django/template/base.py", line 125, in __init__
    self.nodelist = compile_string(template_string, origin)
  File "/home/emencia/projects/buildout_cms3/eggs/Django-1.6.7-py2.7.egg/django/template/base.py", line 153, in compile_string
    return parser.parse()
  File "/home/emencia/projects/buildout_cms3/eggs/Django-1.6.7-py2.7.egg/django/template/base.py", line 278, in parse
    compiled_result = compile_func(self, token)
  File "/home/emencia/projects/buildout_cms3/eggs/django_classy_tags-0.5.1-py2.7.egg/classytags/core.py", line 92, in __init__
    self.kwargs, self.blocks = self.options.parse(parser, tokens)
  File "/home/emencia/projects/buildout_cms3/eggs/django_classy_tags-0.5.1-py2.7.egg/classytags/core.py", line 61, in parse
    return argument_parser.parse(parser, tokens)
  File "/home/emencia/projects/buildout_cms3/eggs/django_classy_tags-0.5.1-py2.7.egg/classytags/parser.py", line 39, in parse
    self.parse_blocks()
  File "/home/emencia/projects/buildout_cms3/eggs/django_sekizai-0.7-py2.7.egg/sekizai/templatetags/sekizai_tags.py", line 44, in parse_blocks
    self.blocks['nodelist'] = self.parser.parse()
  File "/home/emencia/projects/buildout_cms3/eggs/Django-1.6.7-py2.7.egg/django/template/base.py", line 278, in parse
    compiled_result = compile_func(self, token)
  File "/home/emencia/projects/buildout_cms3/eggs/django_classy_tags-0.5.1-py2.7.egg/classytags/core.py", line 92, in __init__
    self.kwargs, self.blocks = self.options.parse(parser, tokens)
  File "/home/emencia/projects/buildout_cms3/eggs/django_classy_tags-0.5.1-py2.7.egg/classytags/core.py", line 61, in parse
    return argument_parser.parse(parser, tokens)
  File "/home/emencia/projects/buildout_cms3/eggs/django_classy_tags-0.5.1-py2.7.egg/classytags/parser.py", line 39, in parse
    self.parse_blocks()
  File "/home/emencia/projects/buildout_cms3/eggs/django_sekizai-0.7-py2.7.egg/sekizai/templatetags/sekizai_tags.py", line 44, in parse_blocks
    self.blocks['nodelist'] = self.parser.parse()
  File "/home/emencia/projects/buildout_cms3/eggs/Django-1.6.7-py2.7.egg/django/template/base.py", line 278, in parse
    compiled_result = compile_func(self, token)
  File "/home/emencia/projects/buildout_cms3/eggs/Django-1.6.7-py2.7.egg/django/template/defaulttags.py", line 1199, in spaceless
    nodelist = parser.parse(('endspaceless',))
  File "/home/emencia/projects/buildout_cms3/eggs/Django-1.6.7-py2.7.egg/django/template/base.py", line 278, in parse
    compiled_result = compile_func(self, token)
  File "/home/emencia/projects/buildout_cms3/eggs/django_classy_tags-0.5.1-py2.7.egg/classytags/core.py", line 92, in __init__
    self.kwargs, self.blocks = self.options.parse(parser, tokens)
  File "/home/emencia/projects/buildout_cms3/eggs/django_classy_tags-0.5.1-py2.7.egg/classytags/core.py", line 61, in parse
    return argument_parser.parse(parser, tokens)
  File "/home/emencia/projects/buildout_cms3/eggs/django_classy_tags-0.5.1-py2.7.egg/classytags/parser.py", line 39, in parse
    self.parse_blocks()
  File "/home/emencia/projects/buildout_cms3/eggs/django_sekizai-0.7-py2.7.egg/sekizai/templatetags/sekizai_tags.py", line 44, in parse_blocks
    self.blocks['nodelist'] = self.parser.parse()
  File "/home/emencia/projects/buildout_cms3/eggs/Django-1.6.7-py2.7.egg/django/template/base.py", line 276, in parse
    self.invalid_block_tag(token, command, parse_until)
  File "/home/emencia/projects/buildout_cms3/eggs/Django-1.6.7-py2.7.egg/django/template/base.py", line 332, in invalid_block_tag
    raise self.error(token, "Invalid block tag: '%s'" % command)
TemplateSyntaxError: Invalid block tag: 'endspaceless'
ERROR 2014-09-28 13:28:59,626 base 11358 140053795788544 Internal Server Error: /
Traceback (most recent call last):
  File "/home/emencia/projects/buildout_cms3/eggs/Django-1.6.7-py2.7.egg/django/core/handlers/base.py", line 137, in get_response
    response = response.render()
  File "/home/emencia/projects/buildout_cms3/eggs/Django-1.6.7-py2.7.egg/django/template/response.py", line 105, in render
    self.content = self.rendered_content
  File "/home/emencia/projects/buildout_cms3/eggs/Django-1.6.7-py2.7.egg/django/template/response.py", line 82, in rendered_content
    content = template.render(context)
  File "/home/emencia/projects/buildout_cms3/eggs/Django-1.6.7-py2.7.egg/django/template/base.py", line 140, in render
    return self._render(context)
  File "/home/emencia/projects/buildout_cms3/eggs/Django-1.6.7-py2.7.egg/django/template/base.py", line 134, in _render
    return self.nodelist.render(context)
  File "/home/emencia/projects/buildout_cms3/eggs/Django-1.6.7-py2.7.egg/django/template/base.py", line 840, in render
    bit = self.render_node(node, context)
  File "/home/emencia/projects/buildout_cms3/eggs/Django-1.6.7-py2.7.egg/django/template/debug.py", line 78, in render_node
    return node.render(context)
  File "/home/emencia/projects/buildout_cms3/eggs/Django-1.6.7-py2.7.egg/django/template/loader_tags.py", line 123, in render
    return compiled_parent._render(context)
  File "/home/emencia/projects/buildout_cms3/eggs/Django-1.6.7-py2.7.egg/django/template/base.py", line 134, in _render
    return self.nodelist.render(context)
  File "/home/emencia/projects/buildout_cms3/eggs/Django-1.6.7-py2.7.egg/django/template/base.py", line 840, in render
    bit = self.render_node(node, context)
  File "/home/emencia/projects/buildout_cms3/eggs/Django-1.6.7-py2.7.egg/django/template/debug.py", line 78, in render_node
    return node.render(context)
  File "/home/emencia/projects/buildout_cms3/eggs/Django-1.6.7-py2.7.egg/django/template/loader_tags.py", line 101, in render
    compiled_parent = self.get_parent(context)
  File "/home/emencia/projects/buildout_cms3/eggs/Django-1.6.7-py2.7.egg/django/template/loader_tags.py", line 98, in get_parent
    return get_template(parent)
  File "/home/emencia/projects/buildout_cms3/eggs/Django-1.6.7-py2.7.egg/django/template/loader.py", line 138, in get_template
    template, origin = find_template(template_name)
  File "/home/emencia/projects/buildout_cms3/eggs/Django-1.6.7-py2.7.egg/django/template/loader.py", line 127, in find_template
    source, display_name = loader(name, dirs)
  File "/home/emencia/projects/buildout_cms3/eggs/Django-1.6.7-py2.7.egg/django/template/loader.py", line 43, in __call__
    return self.load_template(template_name, template_dirs)
  File "/home/emencia/projects/buildout_cms3/eggs/Django-1.6.7-py2.7.egg/django/template/loader.py", line 49, in load_template
    template = get_template_from_string(source, origin, template_name)
  File "/home/emencia/projects/buildout_cms3/eggs/Django-1.6.7-py2.7.egg/django/template/loader.py", line 149, in get_template_from_string
    return Template(source, origin, name)
  File "/home/emencia/projects/buildout_cms3/eggs/Django-1.6.7-py2.7.egg/django/template/base.py", line 125, in __init__
    self.nodelist = compile_string(template_string, origin)
  File "/home/emencia/projects/buildout_cms3/eggs/Django-1.6.7-py2.7.egg/django/template/base.py", line 153, in compile_string
    return parser.parse()
  File "/home/emencia/projects/buildout_cms3/eggs/Django-1.6.7-py2.7.egg/django/template/base.py", line 278, in parse
    compiled_result = compile_func(self, token)
  File "/home/emencia/projects/buildout_cms3/eggs/Django-1.6.7-py2.7.egg/django/template/loader_tags.py", line 190, in do_block
    nodelist = parser.parse(('endblock',))
  File "/home/emencia/projects/buildout_cms3/eggs/Django-1.6.7-py2.7.egg/django/template/base.py", line 278, in parse
    compiled_result = compile_func(self, token)
  File "/home/emencia/projects/buildout_cms3/eggs/Django-1.6.7-py2.7.egg/django/template/defaulttags.py", line 1199, in spaceless
    nodelist = parser.parse(('endspaceless',))
  File "/home/emencia/projects/buildout_cms3/eggs/Django-1.6.7-py2.7.egg/django/template/base.py", line 278, in parse
    compiled_result = compile_func(self, token)
  File "/home/emencia/projects/buildout_cms3/eggs/Django-1.6.7-py2.7.egg/django/template/loader_tags.py", line 190, in do_block
    nodelist = parser.parse(('endblock',))
  File "/home/emencia/projects/buildout_cms3/eggs/Django-1.6.7-py2.7.egg/django/template/base.py", line 276, in parse
    self.invalid_block_tag(token, command, parse_until)
  File "/home/emencia/projects/buildout_cms3/eggs/Django-1.6.7-py2.7.egg/django/template/base.py", line 331, in invalid_block_tag
    (command, get_text_list(["'%s'" % p for p in parse_until])))
TemplateSyntaxError: Invalid block tag: 'assets', expected 'endblock'
ERROR 2014-09-28 13:29:25,199 base 11358 140053795788544 Internal Server Error: /
Traceback (most recent call last):
  File "/home/emencia/projects/buildout_cms3/eggs/Django-1.6.7-py2.7.egg/django/core/handlers/base.py", line 137, in get_response
    response = response.render()
  File "/home/emencia/projects/buildout_cms3/eggs/Django-1.6.7-py2.7.egg/django/template/response.py", line 105, in render
    self.content = self.rendered_content
  File "/home/emencia/projects/buildout_cms3/eggs/Django-1.6.7-py2.7.egg/django/template/response.py", line 82, in rendered_content
    content = template.render(context)
  File "/home/emencia/projects/buildout_cms3/eggs/Django-1.6.7-py2.7.egg/django/template/base.py", line 140, in render
    return self._render(context)
  File "/home/emencia/projects/buildout_cms3/eggs/Django-1.6.7-py2.7.egg/django/template/base.py", line 134, in _render
    return self.nodelist.render(context)
  File "/home/emencia/projects/buildout_cms3/eggs/Django-1.6.7-py2.7.egg/django/template/base.py", line 840, in render
    bit = self.render_node(node, context)
  File "/home/emencia/projects/buildout_cms3/eggs/Django-1.6.7-py2.7.egg/django/template/debug.py", line 78, in render_node
    return node.render(context)
  File "/home/emencia/projects/buildout_cms3/eggs/Django-1.6.7-py2.7.egg/django/template/loader_tags.py", line 123, in render
    return compiled_parent._render(context)
  File "/home/emencia/projects/buildout_cms3/eggs/Django-1.6.7-py2.7.egg/django/template/base.py", line 134, in _render
    return self.nodelist.render(context)
  File "/home/emencia/projects/buildout_cms3/eggs/Django-1.6.7-py2.7.egg/django/template/base.py", line 840, in render
    bit = self.render_node(node, context)
  File "/home/emencia/projects/buildout_cms3/eggs/Django-1.6.7-py2.7.egg/django/template/debug.py", line 78, in render_node
    return node.render(context)
  File "/home/emencia/projects/buildout_cms3/eggs/Django-1.6.7-py2.7.egg/django/template/loader_tags.py", line 101, in render
    compiled_parent = self.get_parent(context)
  File "/home/emencia/projects/buildout_cms3/eggs/Django-1.6.7-py2.7.egg/django/template/loader_tags.py", line 98, in get_parent
    return get_template(parent)
  File "/home/emencia/projects/buildout_cms3/eggs/Django-1.6.7-py2.7.egg/django/template/loader.py", line 138, in get_template
    template, origin = find_template(template_name)
  File "/home/emencia/projects/buildout_cms3/eggs/Django-1.6.7-py2.7.egg/django/template/loader.py", line 127, in find_template
    source, display_name = loader(name, dirs)
  File "/home/emencia/projects/buildout_cms3/eggs/Django-1.6.7-py2.7.egg/django/template/loader.py", line 43, in __call__
    return self.load_template(template_name, template_dirs)
  File "/home/emencia/projects/buildout_cms3/eggs/Django-1.6.7-py2.7.egg/django/template/loader.py", line 49, in load_template
    template = get_template_from_string(source, origin, template_name)
  File "/home/emencia/projects/buildout_cms3/eggs/Django-1.6.7-py2.7.egg/django/template/loader.py", line 149, in get_template_from_string
    return Template(source, origin, name)
  File "/home/emencia/projects/buildout_cms3/eggs/Django-1.6.7-py2.7.egg/django/template/base.py", line 125, in __init__
    self.nodelist = compile_string(template_string, origin)
  File "/home/emencia/projects/buildout_cms3/eggs/Django-1.6.7-py2.7.egg/django/template/base.py", line 153, in compile_string
    return parser.parse()
  File "/home/emencia/projects/buildout_cms3/eggs/Django-1.6.7-py2.7.egg/django/template/base.py", line 278, in parse
    compiled_result = compile_func(self, token)
  File "/home/emencia/projects/buildout_cms3/eggs/Django-1.6.7-py2.7.egg/django/template/defaulttags.py", line 1084, in load
    (taglib, e))
TemplateSyntaxError: 'assets' is not a valid tag library: Template library assets not found, tried django.templatetags.assets,django.contrib.staticfiles.templatetags.assets,django.contrib.admin.templatetags.assets,filer.templatetags.assets,cms.templatetags.assets,mptt.templatetags.assets,menus.templatetags.assets,sekizai.templatetags.assets
ERROR 2014-09-28 13:35:31,242 base 14729 140268500289280 Internal Server Error: /admin/filer/folder/
Traceback (most recent call last):
  File "/home/emencia/projects/buildout_cms3/eggs/Django-1.6.7-py2.7.egg/django/core/handlers/base.py", line 112, in get_response
    response = wrapped_callback(request, *callback_args, **callback_kwargs)
  File "/home/emencia/projects/buildout_cms3/eggs/Django-1.6.7-py2.7.egg/django/utils/decorators.py", line 99, in _wrapped_view
    response = view_func(request, *args, **kwargs)
  File "/home/emencia/projects/buildout_cms3/eggs/Django-1.6.7-py2.7.egg/django/views/decorators/cache.py", line 52, in _wrapped_view_func
    response = view_func(request, *args, **kwargs)
  File "/home/emencia/projects/buildout_cms3/eggs/Django-1.6.7-py2.7.egg/django/contrib/admin/sites.py", line 198, in inner
    return view(request, *args, **kwargs)
  File "/home/emencia/projects/buildout_cms3/eggs/django_filer-0.9.7-py2.7.egg/filer/admin/folderadmin.py", line 400, in directory_listing
    }, context_instance=RequestContext(request))
  File "/home/emencia/projects/buildout_cms3/eggs/Django-1.6.7-py2.7.egg/django/shortcuts/__init__.py", line 29, in render_to_response
    return HttpResponse(loader.render_to_string(*args, **kwargs), **httpresponse_kwargs)
  File "/home/emencia/projects/buildout_cms3/eggs/Django-1.6.7-py2.7.egg/django/template/loader.py", line 162, in render_to_string
    t = get_template(template_name)
  File "/home/emencia/projects/buildout_cms3/eggs/Django-1.6.7-py2.7.egg/django/template/loader.py", line 138, in get_template
    template, origin = find_template(template_name)
  File "/home/emencia/projects/buildout_cms3/eggs/Django-1.6.7-py2.7.egg/django/template/loader.py", line 127, in find_template
    source, display_name = loader(name, dirs)
  File "/home/emencia/projects/buildout_cms3/eggs/Django-1.6.7-py2.7.egg/django/template/loader.py", line 43, in __call__
    return self.load_template(template_name, template_dirs)
  File "/home/emencia/projects/buildout_cms3/eggs/Django-1.6.7-py2.7.egg/django/template/loader.py", line 49, in load_template
    template = get_template_from_string(source, origin, template_name)
  File "/home/emencia/projects/buildout_cms3/eggs/Django-1.6.7-py2.7.egg/django/template/loader.py", line 149, in get_template_from_string
    return Template(source, origin, name)
  File "/home/emencia/projects/buildout_cms3/eggs/Django-1.6.7-py2.7.egg/django/template/base.py", line 125, in __init__
    self.nodelist = compile_string(template_string, origin)
  File "/home/emencia/projects/buildout_cms3/eggs/Django-1.6.7-py2.7.egg/django/template/base.py", line 153, in compile_string
    return parser.parse()
  File "/home/emencia/projects/buildout_cms3/eggs/Django-1.6.7-py2.7.egg/django/template/base.py", line 278, in parse
    compiled_result = compile_func(self, token)
  File "/home/emencia/projects/buildout_cms3/eggs/Django-1.6.7-py2.7.egg/django/template/loader_tags.py", line 215, in do_extends
    nodelist = parser.parse()
  File "/home/emencia/projects/buildout_cms3/eggs/Django-1.6.7-py2.7.egg/django/template/base.py", line 278, in parse
    compiled_result = compile_func(self, token)
  File "/home/emencia/projects/buildout_cms3/eggs/Django-1.6.7-py2.7.egg/django/template/loader_tags.py", line 190, in do_block
    nodelist = parser.parse(('endblock',))
  File "/home/emencia/projects/buildout_cms3/eggs/Django-1.6.7-py2.7.egg/django/template/base.py", line 278, in parse
    compiled_result = compile_func(self, token)
  File "/home/emencia/projects/buildout_cms3/eggs/Django-1.6.7-py2.7.egg/django/template/loader_tags.py", line 263, in do_include
    isolated_context=isolated_context)
  File "/home/emencia/projects/buildout_cms3/eggs/Django-1.6.7-py2.7.egg/django/template/loader_tags.py", line 145, in __init__
    t = get_template(template_path)
  File "/home/emencia/projects/buildout_cms3/eggs/Django-1.6.7-py2.7.egg/django/template/loader.py", line 138, in get_template
    template, origin = find_template(template_name)
  File "/home/emencia/projects/buildout_cms3/eggs/Django-1.6.7-py2.7.egg/django/template/loader.py", line 127, in find_template
    source, display_name = loader(name, dirs)
  File "/home/emencia/projects/buildout_cms3/eggs/Django-1.6.7-py2.7.egg/django/template/loader.py", line 43, in __call__
    return self.load_template(template_name, template_dirs)
  File "/home/emencia/projects/buildout_cms3/eggs/Django-1.6.7-py2.7.egg/django/template/loader.py", line 49, in load_template
    template = get_template_from_string(source, origin, template_name)
  File "/home/emencia/projects/buildout_cms3/eggs/Django-1.6.7-py2.7.egg/django/template/loader.py", line 149, in get_template_from_string
    return Template(source, origin, name)
  File "/home/emencia/projects/buildout_cms3/eggs/Django-1.6.7-py2.7.egg/django/template/base.py", line 125, in __init__
    self.nodelist = compile_string(template_string, origin)
  File "/home/emencia/projects/buildout_cms3/eggs/Django-1.6.7-py2.7.egg/django/template/base.py", line 153, in compile_string
    return parser.parse()
  File "/home/emencia/projects/buildout_cms3/eggs/Django-1.6.7-py2.7.egg/django/template/base.py", line 278, in parse
    compiled_result = compile_func(self, token)
  File "/home/emencia/projects/buildout_cms3/eggs/Django-1.6.7-py2.7.egg/django/template/defaulttags.py", line 1084, in load
    (taglib, e))
TemplateSyntaxError: 'thumbnail' is not a valid tag library: Template library thumbnail not found, tried django.templatetags.thumbnail,django.contrib.staticfiles.templatetags.thumbnail,django.contrib.admin.templatetags.thumbnail,django_assets.templatetags.thumbnail,filer.templatetags.thumbnail,cms.templatetags.thumbnail,mptt.templatetags.thumbnail,menus.templatetags.thumbnail,sekizai.templatetags.thumbnail
ERROR 2014-09-28 13:38:23,626 base 15281 139771937195776 Internal Server Error: /admin/filer/clipboard/operations/upload/
Traceback (most recent call last):
  File "/home/emencia/projects/buildout_cms3/eggs/Django-1.6.7-py2.7.egg/django/core/handlers/base.py", line 112, in get_response
    response = wrapped_callback(request, *callback_args, **callback_kwargs)
  File "/home/emencia/projects/buildout_cms3/eggs/Django-1.6.7-py2.7.egg/django/views/decorators/csrf.py", line 57, in wrapped_view
    return view_func(*args, **kwargs)
  File "/home/emencia/projects/buildout_cms3/eggs/django_filer-0.9.7-py2.7.egg/filer/admin/clipboardadmin.py", line 81, in ajax_upload
    file_obj.save()
  File "/home/emencia/projects/buildout_cms3/eggs/django_filer-0.9.7-py2.7.egg/filer/models/imagemodels.py", line 98, in save
    super(Image, self).save(*args, **kwargs)
  File "/home/emencia/projects/buildout_cms3/eggs/django_filer-0.9.7-py2.7.egg/filer/models/filemodels.py", line 162, in save
    super(File, self).save(*args, **kwargs)
  File "/home/emencia/projects/buildout_cms3/eggs/django_polymorphic-0.5.6-py2.7.egg/polymorphic/polymorphic_model.py", line 90, in save
    return super(PolymorphicModel, self).save(*args, **kwargs)
  File "/home/emencia/projects/buildout_cms3/eggs/Django-1.6.7-py2.7.egg/django/db/models/base.py", line 545, in save
    force_update=force_update, update_fields=update_fields)
  File "/home/emencia/projects/buildout_cms3/eggs/Django-1.6.7-py2.7.egg/django/db/models/base.py", line 572, in save_base
    self._save_parents(cls, using, update_fields)
  File "/home/emencia/projects/buildout_cms3/eggs/Django-1.6.7-py2.7.egg/django/db/models/base.py", line 597, in _save_parents
    self._save_table(cls=parent, using=using, update_fields=update_fields)
  File "/home/emencia/projects/buildout_cms3/eggs/Django-1.6.7-py2.7.egg/django/db/models/base.py", line 654, in _save_table
    result = self._do_insert(cls._base_manager, using, fields, update_pk, raw)
  File "/home/emencia/projects/buildout_cms3/eggs/Django-1.6.7-py2.7.egg/django/db/models/base.py", line 687, in _do_insert
    using=using, raw=raw)
  File "/home/emencia/projects/buildout_cms3/eggs/Django-1.6.7-py2.7.egg/django/db/models/manager.py", line 232, in _insert
    return insert_query(self.model, objs, fields, **kwargs)
  File "/home/emencia/projects/buildout_cms3/eggs/Django-1.6.7-py2.7.egg/django/db/models/query.py", line 1514, in insert_query
    return query.get_compiler(using=using).execute_sql(return_id)
  File "/home/emencia/projects/buildout_cms3/eggs/Django-1.6.7-py2.7.egg/django/db/models/sql/compiler.py", line 902, in execute_sql
    for sql, params in self.as_sql():
  File "/home/emencia/projects/buildout_cms3/eggs/Django-1.6.7-py2.7.egg/django/db/models/sql/compiler.py", line 860, in as_sql
    for obj in self.query.objs
  File "/home/emencia/projects/buildout_cms3/eggs/Django-1.6.7-py2.7.egg/django/db/models/fields/files.py", line 252, in pre_save
    file.save(file.name, file, save=False)
  File "/home/emencia/projects/buildout_cms3/eggs/django_filer-0.9.7-py2.7.egg/filer/fields/multistorage_file.py", line 95, in save
    super(MultiStorageFieldFile, self).save(name, content, save)
  File "/home/emencia/projects/buildout_cms3/eggs/easy_thumbnails-2.1-py2.7.egg/easy_thumbnails/files.py", line 668, in save
    self.get_source_cache(create=True, update=True)
  File "/home/emencia/projects/buildout_cms3/eggs/easy_thumbnails-2.1-py2.7.egg/easy_thumbnails/files.py", line 625, in get_source_cache
    check_cache_miss=self.thumbnail_check_cache_miss)
  File "/home/emencia/projects/buildout_cms3/eggs/easy_thumbnails-2.1-py2.7.egg/easy_thumbnails/models.py", line 18, in get_file
    obj, created = self.get_or_create(**kwargs)
  File "/home/emencia/projects/buildout_cms3/eggs/Django-1.6.7-py2.7.egg/django/db/models/manager.py", line 154, in get_or_create
    return self.get_queryset().get_or_create(**kwargs)
  File "/home/emencia/projects/buildout_cms3/eggs/Django-1.6.7-py2.7.egg/django/db/models/query.py", line 391, in get_or_create
    six.reraise(*exc_info)
  File "/home/emencia/projects/buildout_cms3/eggs/Django-1.6.7-py2.7.egg/django/db/models/query.py", line 383, in get_or_create
    obj.save(force_insert=True, using=self.db)
  File "/home/emencia/projects/buildout_cms3/eggs/Django-1.6.7-py2.7.egg/django/db/models/base.py", line 545, in save
    force_update=force_update, update_fields=update_fields)
  File "/home/emencia/projects/buildout_cms3/eggs/Django-1.6.7-py2.7.egg/django/db/models/base.py", line 573, in save_base
    updated = self._save_table(raw, cls, force_insert, force_update, using, update_fields)
  File "/home/emencia/projects/buildout_cms3/eggs/Django-1.6.7-py2.7.egg/django/db/models/base.py", line 654, in _save_table
    result = self._do_insert(cls._base_manager, using, fields, update_pk, raw)
  File "/home/emencia/projects/buildout_cms3/eggs/Django-1.6.7-py2.7.egg/django/db/models/base.py", line 687, in _do_insert
    using=using, raw=raw)
  File "/home/emencia/projects/buildout_cms3/eggs/Django-1.6.7-py2.7.egg/django/db/models/manager.py", line 232, in _insert
    return insert_query(self.model, objs, fields, **kwargs)
  File "/home/emencia/projects/buildout_cms3/eggs/Django-1.6.7-py2.7.egg/django/db/models/query.py", line 1514, in insert_query
    return query.get_compiler(using=using).execute_sql(return_id)
  File "/home/emencia/projects/buildout_cms3/eggs/Django-1.6.7-py2.7.egg/django/db/models/sql/compiler.py", line 903, in execute_sql
    cursor.execute(sql, params)
  File "/home/emencia/projects/buildout_cms3/eggs/Django-1.6.7-py2.7.egg/django/db/backends/util.py", line 69, in execute
    return super(CursorDebugWrapper, self).execute(sql, params)
  File "/home/emencia/projects/buildout_cms3/eggs/Django-1.6.7-py2.7.egg/django/db/backends/util.py", line 53, in execute
    return self.cursor.execute(sql, params)
  File "/home/emencia/projects/buildout_cms3/eggs/Django-1.6.7-py2.7.egg/django/db/utils.py", line 99, in __exit__
    six.reraise(dj_exc_type, dj_exc_value, traceback)
  File "/home/emencia/projects/buildout_cms3/eggs/Django-1.6.7-py2.7.egg/django/db/backends/util.py", line 53, in execute
    return self.cursor.execute(sql, params)
  File "/home/emencia/projects/buildout_cms3/eggs/Django-1.6.7-py2.7.egg/django/db/backends/sqlite3/base.py", line 452, in execute
    return Database.Cursor.execute(self, query, params)
OperationalError: database is locked
ERROR 2014-09-28 13:38:23,964 base 15281 139771937195776 Internal Server Error: /admin/filer/clipboard/operations/upload/
Traceback (most recent call last):
  File "/home/emencia/projects/buildout_cms3/eggs/Django-1.6.7-py2.7.egg/django/core/handlers/base.py", line 112, in get_response
    response = wrapped_callback(request, *callback_args, **callback_kwargs)
  File "/home/emencia/projects/buildout_cms3/eggs/Django-1.6.7-py2.7.egg/django/views/decorators/csrf.py", line 57, in wrapped_view
    return view_func(*args, **kwargs)
  File "/home/emencia/projects/buildout_cms3/eggs/django_filer-0.9.7-py2.7.egg/filer/admin/clipboardadmin.py", line 81, in ajax_upload
    file_obj.save()
  File "/home/emencia/projects/buildout_cms3/eggs/django_filer-0.9.7-py2.7.egg/filer/models/imagemodels.py", line 98, in save
    super(Image, self).save(*args, **kwargs)
  File "/home/emencia/projects/buildout_cms3/eggs/django_filer-0.9.7-py2.7.egg/filer/models/filemodels.py", line 162, in save
    super(File, self).save(*args, **kwargs)
  File "/home/emencia/projects/buildout_cms3/eggs/django_polymorphic-0.5.6-py2.7.egg/polymorphic/polymorphic_model.py", line 90, in save
    return super(PolymorphicModel, self).save(*args, **kwargs)
  File "/home/emencia/projects/buildout_cms3/eggs/Django-1.6.7-py2.7.egg/django/db/models/base.py", line 545, in save
    force_update=force_update, update_fields=update_fields)
  File "/home/emencia/projects/buildout_cms3/eggs/Django-1.6.7-py2.7.egg/django/db/models/base.py", line 572, in save_base
    self._save_parents(cls, using, update_fields)
  File "/home/emencia/projects/buildout_cms3/eggs/Django-1.6.7-py2.7.egg/django/db/models/base.py", line 597, in _save_parents
    self._save_table(cls=parent, using=using, update_fields=update_fields)
  File "/home/emencia/projects/buildout_cms3/eggs/Django-1.6.7-py2.7.egg/django/db/models/base.py", line 654, in _save_table
    result = self._do_insert(cls._base_manager, using, fields, update_pk, raw)
  File "/home/emencia/projects/buildout_cms3/eggs/Django-1.6.7-py2.7.egg/django/db/models/base.py", line 687, in _do_insert
    using=using, raw=raw)
  File "/home/emencia/projects/buildout_cms3/eggs/Django-1.6.7-py2.7.egg/django/db/models/manager.py", line 232, in _insert
    return insert_query(self.model, objs, fields, **kwargs)
  File "/home/emencia/projects/buildout_cms3/eggs/Django-1.6.7-py2.7.egg/django/db/models/query.py", line 1514, in insert_query
    return query.get_compiler(using=using).execute_sql(return_id)
  File "/home/emencia/projects/buildout_cms3/eggs/Django-1.6.7-py2.7.egg/django/db/models/sql/compiler.py", line 902, in execute_sql
    for sql, params in self.as_sql():
  File "/home/emencia/projects/buildout_cms3/eggs/Django-1.6.7-py2.7.egg/django/db/models/sql/compiler.py", line 860, in as_sql
    for obj in self.query.objs
  File "/home/emencia/projects/buildout_cms3/eggs/Django-1.6.7-py2.7.egg/django/db/models/fields/files.py", line 252, in pre_save
    file.save(file.name, file, save=False)
  File "/home/emencia/projects/buildout_cms3/eggs/django_filer-0.9.7-py2.7.egg/filer/fields/multistorage_file.py", line 95, in save
    super(MultiStorageFieldFile, self).save(name, content, save)
  File "/home/emencia/projects/buildout_cms3/eggs/easy_thumbnails-2.1-py2.7.egg/easy_thumbnails/files.py", line 668, in save
    self.get_source_cache(create=True, update=True)
  File "/home/emencia/projects/buildout_cms3/eggs/easy_thumbnails-2.1-py2.7.egg/easy_thumbnails/files.py", line 625, in get_source_cache
    check_cache_miss=self.thumbnail_check_cache_miss)
  File "/home/emencia/projects/buildout_cms3/eggs/easy_thumbnails-2.1-py2.7.egg/easy_thumbnails/models.py", line 18, in get_file
    obj, created = self.get_or_create(**kwargs)
  File "/home/emencia/projects/buildout_cms3/eggs/Django-1.6.7-py2.7.egg/django/db/models/manager.py", line 154, in get_or_create
    return self.get_queryset().get_or_create(**kwargs)
  File "/home/emencia/projects/buildout_cms3/eggs/Django-1.6.7-py2.7.egg/django/db/models/query.py", line 391, in get_or_create
    six.reraise(*exc_info)
  File "/home/emencia/projects/buildout_cms3/eggs/Django-1.6.7-py2.7.egg/django/db/models/query.py", line 383, in get_or_create
    obj.save(force_insert=True, using=self.db)
  File "/home/emencia/projects/buildout_cms3/eggs/Django-1.6.7-py2.7.egg/django/db/models/base.py", line 545, in save
    force_update=force_update, update_fields=update_fields)
  File "/home/emencia/projects/buildout_cms3/eggs/Django-1.6.7-py2.7.egg/django/db/models/base.py", line 573, in save_base
    updated = self._save_table(raw, cls, force_insert, force_update, using, update_fields)
  File "/home/emencia/projects/buildout_cms3/eggs/Django-1.6.7-py2.7.egg/django/db/models/base.py", line 654, in _save_table
    result = self._do_insert(cls._base_manager, using, fields, update_pk, raw)
  File "/home/emencia/projects/buildout_cms3/eggs/Django-1.6.7-py2.7.egg/django/db/models/base.py", line 687, in _do_insert
    using=using, raw=raw)
  File "/home/emencia/projects/buildout_cms3/eggs/Django-1.6.7-py2.7.egg/django/db/models/manager.py", line 232, in _insert
    return insert_query(self.model, objs, fields, **kwargs)
  File "/home/emencia/projects/buildout_cms3/eggs/Django-1.6.7-py2.7.egg/django/db/models/query.py", line 1514, in insert_query
    return query.get_compiler(using=using).execute_sql(return_id)
  File "/home/emencia/projects/buildout_cms3/eggs/Django-1.6.7-py2.7.egg/django/db/models/sql/compiler.py", line 903, in execute_sql
    cursor.execute(sql, params)
  File "/home/emencia/projects/buildout_cms3/eggs/Django-1.6.7-py2.7.egg/django/db/backends/util.py", line 69, in execute
    return super(CursorDebugWrapper, self).execute(sql, params)
  File "/home/emencia/projects/buildout_cms3/eggs/Django-1.6.7-py2.7.egg/django/db/backends/util.py", line 53, in execute
    return self.cursor.execute(sql, params)
  File "/home/emencia/projects/buildout_cms3/eggs/Django-1.6.7-py2.7.egg/django/db/utils.py", line 99, in __exit__
    six.reraise(dj_exc_type, dj_exc_value, traceback)
  File "/home/emencia/projects/buildout_cms3/eggs/Django-1.6.7-py2.7.egg/django/db/backends/util.py", line 53, in execute
    return self.cursor.execute(sql, params)
  File "/home/emencia/projects/buildout_cms3/eggs/Django-1.6.7-py2.7.egg/django/db/backends/sqlite3/base.py", line 452, in execute
    return Database.Cursor.execute(self, query, params)
OperationalError: database is locked
ERROR 2014-09-28 13:39:02,944 base 15281 139771979159296 Internal Server Error: /admin/filer/clipboard/operations/upload/
Traceback (most recent call last):
  File "/home/emencia/projects/buildout_cms3/eggs/Django-1.6.7-py2.7.egg/django/core/handlers/base.py", line 112, in get_response
    response = wrapped_callback(request, *callback_args, **callback_kwargs)
  File "/home/emencia/projects/buildout_cms3/eggs/Django-1.6.7-py2.7.egg/django/views/decorators/csrf.py", line 57, in wrapped_view
    return view_func(*args, **kwargs)
  File "/home/emencia/projects/buildout_cms3/eggs/django_filer-0.9.7-py2.7.egg/filer/admin/clipboardadmin.py", line 81, in ajax_upload
    file_obj.save()
  File "/home/emencia/projects/buildout_cms3/eggs/django_filer-0.9.7-py2.7.egg/filer/models/imagemodels.py", line 98, in save
    super(Image, self).save(*args, **kwargs)
  File "/home/emencia/projects/buildout_cms3/eggs/django_filer-0.9.7-py2.7.egg/filer/models/filemodels.py", line 162, in save
    super(File, self).save(*args, **kwargs)
  File "/home/emencia/projects/buildout_cms3/eggs/django_polymorphic-0.5.6-py2.7.egg/polymorphic/polymorphic_model.py", line 90, in save
    return super(PolymorphicModel, self).save(*args, **kwargs)
  File "/home/emencia/projects/buildout_cms3/eggs/Django-1.6.7-py2.7.egg/django/db/models/base.py", line 545, in save
    force_update=force_update, update_fields=update_fields)
  File "/home/emencia/projects/buildout_cms3/eggs/Django-1.6.7-py2.7.egg/django/db/models/base.py", line 572, in save_base
    self._save_parents(cls, using, update_fields)
  File "/home/emencia/projects/buildout_cms3/eggs/Django-1.6.7-py2.7.egg/django/db/models/base.py", line 597, in _save_parents
    self._save_table(cls=parent, using=using, update_fields=update_fields)
  File "/home/emencia/projects/buildout_cms3/eggs/Django-1.6.7-py2.7.egg/django/db/models/base.py", line 654, in _save_table
    result = self._do_insert(cls._base_manager, using, fields, update_pk, raw)
  File "/home/emencia/projects/buildout_cms3/eggs/Django-1.6.7-py2.7.egg/django/db/models/base.py", line 687, in _do_insert
    using=using, raw=raw)
  File "/home/emencia/projects/buildout_cms3/eggs/Django-1.6.7-py2.7.egg/django/db/models/manager.py", line 232, in _insert
    return insert_query(self.model, objs, fields, **kwargs)
  File "/home/emencia/projects/buildout_cms3/eggs/Django-1.6.7-py2.7.egg/django/db/models/query.py", line 1514, in insert_query
    return query.get_compiler(using=using).execute_sql(return_id)
  File "/home/emencia/projects/buildout_cms3/eggs/Django-1.6.7-py2.7.egg/django/db/models/sql/compiler.py", line 902, in execute_sql
    for sql, params in self.as_sql():
  File "/home/emencia/projects/buildout_cms3/eggs/Django-1.6.7-py2.7.egg/django/db/models/sql/compiler.py", line 860, in as_sql
    for obj in self.query.objs
  File "/home/emencia/projects/buildout_cms3/eggs/Django-1.6.7-py2.7.egg/django/db/models/fields/files.py", line 252, in pre_save
    file.save(file.name, file, save=False)
  File "/home/emencia/projects/buildout_cms3/eggs/django_filer-0.9.7-py2.7.egg/filer/fields/multistorage_file.py", line 95, in save
    super(MultiStorageFieldFile, self).save(name, content, save)
  File "/home/emencia/projects/buildout_cms3/eggs/easy_thumbnails-2.1-py2.7.egg/easy_thumbnails/files.py", line 668, in save
    self.get_source_cache(create=True, update=True)
  File "/home/emencia/projects/buildout_cms3/eggs/easy_thumbnails-2.1-py2.7.egg/easy_thumbnails/files.py", line 625, in get_source_cache
    check_cache_miss=self.thumbnail_check_cache_miss)
  File "/home/emencia/projects/buildout_cms3/eggs/easy_thumbnails-2.1-py2.7.egg/easy_thumbnails/models.py", line 18, in get_file
    obj, created = self.get_or_create(**kwargs)
  File "/home/emencia/projects/buildout_cms3/eggs/Django-1.6.7-py2.7.egg/django/db/models/manager.py", line 154, in get_or_create
    return self.get_queryset().get_or_create(**kwargs)
  File "/home/emencia/projects/buildout_cms3/eggs/Django-1.6.7-py2.7.egg/django/db/models/query.py", line 391, in get_or_create
    six.reraise(*exc_info)
  File "/home/emencia/projects/buildout_cms3/eggs/Django-1.6.7-py2.7.egg/django/db/models/query.py", line 383, in get_or_create
    obj.save(force_insert=True, using=self.db)
  File "/home/emencia/projects/buildout_cms3/eggs/Django-1.6.7-py2.7.egg/django/db/models/base.py", line 545, in save
    force_update=force_update, update_fields=update_fields)
  File "/home/emencia/projects/buildout_cms3/eggs/Django-1.6.7-py2.7.egg/django/db/models/base.py", line 573, in save_base
    updated = self._save_table(raw, cls, force_insert, force_update, using, update_fields)
  File "/home/emencia/projects/buildout_cms3/eggs/Django-1.6.7-py2.7.egg/django/db/models/base.py", line 654, in _save_table
    result = self._do_insert(cls._base_manager, using, fields, update_pk, raw)
  File "/home/emencia/projects/buildout_cms3/eggs/Django-1.6.7-py2.7.egg/django/db/models/base.py", line 687, in _do_insert
    using=using, raw=raw)
  File "/home/emencia/projects/buildout_cms3/eggs/Django-1.6.7-py2.7.egg/django/db/models/manager.py", line 232, in _insert
    return insert_query(self.model, objs, fields, **kwargs)
  File "/home/emencia/projects/buildout_cms3/eggs/Django-1.6.7-py2.7.egg/django/db/models/query.py", line 1514, in insert_query
    return query.get_compiler(using=using).execute_sql(return_id)
  File "/home/emencia/projects/buildout_cms3/eggs/Django-1.6.7-py2.7.egg/django/db/models/sql/compiler.py", line 903, in execute_sql
    cursor.execute(sql, params)
  File "/home/emencia/projects/buildout_cms3/eggs/Django-1.6.7-py2.7.egg/django/db/backends/util.py", line 69, in execute
    return super(CursorDebugWrapper, self).execute(sql, params)
  File "/home/emencia/projects/buildout_cms3/eggs/Django-1.6.7-py2.7.egg/django/db/backends/util.py", line 53, in execute
    return self.cursor.execute(sql, params)
  File "/home/emencia/projects/buildout_cms3/eggs/Django-1.6.7-py2.7.egg/django/db/utils.py", line 99, in __exit__
    six.reraise(dj_exc_type, dj_exc_value, traceback)
  File "/home/emencia/projects/buildout_cms3/eggs/Django-1.6.7-py2.7.egg/django/db/backends/util.py", line 53, in execute
    return self.cursor.execute(sql, params)
  File "/home/emencia/projects/buildout_cms3/eggs/Django-1.6.7-py2.7.egg/django/db/backends/sqlite3/base.py", line 452, in execute
    return Database.Cursor.execute(self, query, params)
OperationalError: database is locked
ERROR 2014-09-28 13:39:02,946 base 15281 139771937195776 Internal Server Error: /admin/filer/clipboard/operations/upload/
Traceback (most recent call last):
  File "/home/emencia/projects/buildout_cms3/eggs/Django-1.6.7-py2.7.egg/django/core/handlers/base.py", line 112, in get_response
    response = wrapped_callback(request, *callback_args, **callback_kwargs)
  File "/home/emencia/projects/buildout_cms3/eggs/Django-1.6.7-py2.7.egg/django/views/decorators/csrf.py", line 57, in wrapped_view
    return view_func(*args, **kwargs)
  File "/home/emencia/projects/buildout_cms3/eggs/django_filer-0.9.7-py2.7.egg/filer/admin/clipboardadmin.py", line 81, in ajax_upload
    file_obj.save()
  File "/home/emencia/projects/buildout_cms3/eggs/django_filer-0.9.7-py2.7.egg/filer/models/imagemodels.py", line 98, in save
    super(Image, self).save(*args, **kwargs)
  File "/home/emencia/projects/buildout_cms3/eggs/django_filer-0.9.7-py2.7.egg/filer/models/filemodels.py", line 162, in save
    super(File, self).save(*args, **kwargs)
  File "/home/emencia/projects/buildout_cms3/eggs/django_polymorphic-0.5.6-py2.7.egg/polymorphic/polymorphic_model.py", line 90, in save
    return super(PolymorphicModel, self).save(*args, **kwargs)
  File "/home/emencia/projects/buildout_cms3/eggs/Django-1.6.7-py2.7.egg/django/db/models/base.py", line 545, in save
    force_update=force_update, update_fields=update_fields)
  File "/home/emencia/projects/buildout_cms3/eggs/Django-1.6.7-py2.7.egg/django/db/models/base.py", line 572, in save_base
    self._save_parents(cls, using, update_fields)
  File "/home/emencia/projects/buildout_cms3/eggs/Django-1.6.7-py2.7.egg/django/db/models/base.py", line 597, in _save_parents
    self._save_table(cls=parent, using=using, update_fields=update_fields)
  File "/home/emencia/projects/buildout_cms3/eggs/Django-1.6.7-py2.7.egg/django/db/models/base.py", line 654, in _save_table
    result = self._do_insert(cls._base_manager, using, fields, update_pk, raw)
  File "/home/emencia/projects/buildout_cms3/eggs/Django-1.6.7-py2.7.egg/django/db/models/base.py", line 687, in _do_insert
    using=using, raw=raw)
  File "/home/emencia/projects/buildout_cms3/eggs/Django-1.6.7-py2.7.egg/django/db/models/manager.py", line 232, in _insert
    return insert_query(self.model, objs, fields, **kwargs)
  File "/home/emencia/projects/buildout_cms3/eggs/Django-1.6.7-py2.7.egg/django/db/models/query.py", line 1514, in insert_query
    return query.get_compiler(using=using).execute_sql(return_id)
  File "/home/emencia/projects/buildout_cms3/eggs/Django-1.6.7-py2.7.egg/django/db/models/sql/compiler.py", line 902, in execute_sql
    for sql, params in self.as_sql():
  File "/home/emencia/projects/buildout_cms3/eggs/Django-1.6.7-py2.7.egg/django/db/models/sql/compiler.py", line 860, in as_sql
    for obj in self.query.objs
  File "/home/emencia/projects/buildout_cms3/eggs/Django-1.6.7-py2.7.egg/django/db/models/fields/files.py", line 252, in pre_save
    file.save(file.name, file, save=False)
  File "/home/emencia/projects/buildout_cms3/eggs/django_filer-0.9.7-py2.7.egg/filer/fields/multistorage_file.py", line 95, in save
    super(MultiStorageFieldFile, self).save(name, content, save)
  File "/home/emencia/projects/buildout_cms3/eggs/easy_thumbnails-2.1-py2.7.egg/easy_thumbnails/files.py", line 668, in save
    self.get_source_cache(create=True, update=True)
  File "/home/emencia/projects/buildout_cms3/eggs/easy_thumbnails-2.1-py2.7.egg/easy_thumbnails/files.py", line 625, in get_source_cache
    check_cache_miss=self.thumbnail_check_cache_miss)
  File "/home/emencia/projects/buildout_cms3/eggs/easy_thumbnails-2.1-py2.7.egg/easy_thumbnails/models.py", line 18, in get_file
    obj, created = self.get_or_create(**kwargs)
  File "/home/emencia/projects/buildout_cms3/eggs/Django-1.6.7-py2.7.egg/django/db/models/manager.py", line 154, in get_or_create
    return self.get_queryset().get_or_create(**kwargs)
  File "/home/emencia/projects/buildout_cms3/eggs/Django-1.6.7-py2.7.egg/django/db/models/query.py", line 391, in get_or_create
    six.reraise(*exc_info)
  File "/home/emencia/projects/buildout_cms3/eggs/Django-1.6.7-py2.7.egg/django/db/models/query.py", line 383, in get_or_create
    obj.save(force_insert=True, using=self.db)
  File "/home/emencia/projects/buildout_cms3/eggs/Django-1.6.7-py2.7.egg/django/db/models/base.py", line 545, in save
    force_update=force_update, update_fields=update_fields)
  File "/home/emencia/projects/buildout_cms3/eggs/Django-1.6.7-py2.7.egg/django/db/models/base.py", line 573, in save_base
    updated = self._save_table(raw, cls, force_insert, force_update, using, update_fields)
  File "/home/emencia/projects/buildout_cms3/eggs/Django-1.6.7-py2.7.egg/django/db/models/base.py", line 654, in _save_table
    result = self._do_insert(cls._base_manager, using, fields, update_pk, raw)
  File "/home/emencia/projects/buildout_cms3/eggs/Django-1.6.7-py2.7.egg/django/db/models/base.py", line 687, in _do_insert
    using=using, raw=raw)
  File "/home/emencia/projects/buildout_cms3/eggs/Django-1.6.7-py2.7.egg/django/db/models/manager.py", line 232, in _insert
    return insert_query(self.model, objs, fields, **kwargs)
  File "/home/emencia/projects/buildout_cms3/eggs/Django-1.6.7-py2.7.egg/django/db/models/query.py", line 1514, in insert_query
    return query.get_compiler(using=using).execute_sql(return_id)
  File "/home/emencia/projects/buildout_cms3/eggs/Django-1.6.7-py2.7.egg/django/db/models/sql/compiler.py", line 903, in execute_sql
    cursor.execute(sql, params)
  File "/home/emencia/projects/buildout_cms3/eggs/Django-1.6.7-py2.7.egg/django/db/backends/util.py", line 69, in execute
    return super(CursorDebugWrapper, self).execute(sql, params)
  File "/home/emencia/projects/buildout_cms3/eggs/Django-1.6.7-py2.7.egg/django/db/backends/util.py", line 53, in execute
    return self.cursor.execute(sql, params)
  File "/home/emencia/projects/buildout_cms3/eggs/Django-1.6.7-py2.7.egg/django/db/utils.py", line 99, in __exit__
    six.reraise(dj_exc_type, dj_exc_value, traceback)
  File "/home/emencia/projects/buildout_cms3/eggs/Django-1.6.7-py2.7.egg/django/db/backends/util.py", line 53, in execute
    return self.cursor.execute(sql, params)
  File "/home/emencia/projects/buildout_cms3/eggs/Django-1.6.7-py2.7.egg/django/db/backends/sqlite3/base.py", line 452, in execute
    return Database.Cursor.execute(self, query, params)
OperationalError: database is locked
